nohup: ignoring input

> mentorbridge@0.1.0 dev
> next dev --turbopack

   ▲ Next.js 15.1.7 (Turbopack)
   - Local:        http://localhost:3000
   - Network:      http://10.0.2.6:3000

 ✓ Starting...
Attention: Next.js now collects completely anonymous telemetry regarding usage.
This information is used to shape Next.js' roadmap and prioritize features.
You can learn more, including how to opt-out if you'd not like to participate in this anonymous program, by visiting the following URL:
https://nextjs.org/telemetry

 ✓ Ready in 1532ms
 ○ Compiling / ...
 ✓ Compiled / in 4.3s
 GET / 200 in 4624ms
 ✓ Compiled /favicon.ico in 179ms
 GET /favicon.ico?favicon.45db1c09.ico 200 in 244ms
   Reload env: .env.local
 GET / 200 in 266ms
   Reload env: .env.local
 GET / 200 in 2013ms
 GET / 200 in 216ms
 GET / 200 in 125ms
 GET /favicon.ico?favicon.45db1c09.ico 200 in 100ms
 GET / 200 in 106ms
 GET /favicon.ico?favicon.45db1c09.ico 200 in 29ms
Killed
[1m[31mFATAL[39m[0m: An unexpected Turbopack error occurred. Please report the content of /tmp/next-panic-6f8c52d78225d3a4b4236721b4a9a611.log, along with a description of what you were doing when the error occurred, to https://github.com/vercel/next.js/issues/new
thread caused non-unwinding panic. aborting.
